<?xml version="1.0" encoding="UTF-8"?>
<!-- Generated by org.testng.reporters.JUnitReportReporter -->
<testsuite hostname="magnur" failures="0" tests="1" name="CRUDoperationWithBDD.GetAllProjectsTest" time="5.437" errors="0" timestamp="2022-08-08T16:37:59 IST" skipped="0">
  <testcase classname="CRUDoperationWithBDD.GetAllProjectsTest" name="getAllProjectsTest" time="5.437"/>
  <system-out/>
</testsuite> <!-- CRUDoperationWithBDD.GetAllProjectsTest -->
