<?xml version="1.0" encoding="UTF-8"?>
<!-- Generated by org.testng.reporters.JUnitReportReporter -->
<testsuite hostname="magnur" failures="0" tests="1" name="ParameterTesting.QueryParameter" time="7.459" errors="0" timestamp="2022-08-10T12:24:33 IST" skipped="0">
  <testcase classname="ParameterTesting.QueryParameter" name="queryParamterTest" time="7.459"/>
  <system-out/>
</testsuite> <!-- ParameterTesting.QueryParameter -->
