<?xml version="1.0" encoding="UTF-8"?>
<!-- Generated by org.testng.reporters.JUnitReportReporter -->
<testsuite hostname="magnur" failures="0" tests="1" name="SerializationAndDeserialization.SerializationEmployeeDetailsWithArray" time="0.553" errors="0" timestamp="2022-07-28T15:55:18 IST" skipped="0">
  <testcase classname="SerializationAndDeserialization.SerializationEmployeeDetailsWithArray" name="SerialiseEmpDetailsTest" time="0.553"/>
  <system-out/>
</testsuite> <!-- SerializationAndDeserialization.SerializationEmployeeDetailsWithArray -->
