<?xml version="1.0" encoding="UTF-8"?>
<!-- Generated by org.testng.reporters.JUnitReportReporter -->
<testsuite hostname="magnur" failures="0" tests="1" name="BasicCRUDoperations.DeleteProjectTest" time="5.226" errors="0" timestamp="2022-08-06T23:07:21 IST" skipped="0">
  <testcase classname="BasicCRUDoperations.DeleteProjectTest" name="deleteProjectTest" time="5.226"/>
  <system-out/>
</testsuite> <!-- BasicCRUDoperations.DeleteProjectTest -->
