<?xml version="1.0" encoding="UTF-8"?>
<!-- Generated by org.testng.reporters.JUnitReportReporter -->
<testsuite hostname="magnur" failures="0" tests="1" name="DifferentWaysToPOST.CreateProjectWithJSONObject" time="6.853" errors="0" timestamp="2022-08-09T12:27:03 IST" skipped="0">
  <testcase classname="DifferentWaysToPOST.CreateProjectWithJSONObject" name="createProjectTest" time="6.853"/>
  <system-out/>
</testsuite> <!-- DifferentWaysToPOST.CreateProjectWithJSONObject -->
