<?xml version="1.0" encoding="UTF-8"?>
<!-- Generated by org.testng.reporters.JUnitReportReporter -->
<testsuite hostname="magnur" failures="0" tests="1" name="RequestChaining.CreateProjectGetProjectDeleteProject" time="12.746" errors="0" timestamp="2022-08-10T12:50:08 IST" skipped="0">
  <testcase classname="RequestChaining.CreateProjectGetProjectDeleteProject" name="createProjectGetProjectDeleteProject" time="12.746"/>
  <system-out/>
</testsuite> <!-- RequestChaining.CreateProjectGetProjectDeleteProject -->
