<?xml version="1.0" encoding="UTF-8"?>
<!-- Generated by org.testng.reporters.JUnitReportReporter -->
<testsuite hostname="magnur" failures="0" tests="1" name="BasicCRUDoperations.UpdateProjectTest" time="6.193" errors="0" timestamp="2022-08-06T22:46:24 IST" skipped="0">
  <testcase classname="BasicCRUDoperations.UpdateProjectTest" name="updateProjectTest" time="6.193"/>
  <system-out/>
</testsuite> <!-- BasicCRUDoperations.UpdateProjectTest -->
