<?xml version="1.0" encoding="UTF-8"?>
<!-- Generated by org.testng.reporters.JUnitReportReporter -->
<testsuite hostname="magnur" failures="0" tests="1" name="DifferentWaysToPOST.CreateProjectWithPOJO" time="6.342" errors="0" timestamp="2022-08-09T13:25:00 IST" skipped="0">
  <testcase classname="DifferentWaysToPOST.CreateProjectWithPOJO" name="createProject" time="6.342"/>
  <system-out/>
</testsuite> <!-- DifferentWaysToPOST.CreateProjectWithPOJO -->
