<?xml version="1.0" encoding="UTF-8"?>
<!-- Generated by org.testng.reporters.JUnitReportReporter -->
<testsuite hostname="magnur" failures="0" tests="1" name="AuthenticationOperation.BasicAuthTest" time="3.247" errors="0" timestamp="2022-08-10T15:16:02 IST" skipped="0">
  <testcase classname="AuthenticationOperation.BasicAuthTest" name="digestTest" time="3.247"/>
  <system-out/>
</testsuite> <!-- AuthenticationOperation.BasicAuthTest -->
