<?xml version="1.0" encoding="UTF-8"?>
<!-- Generated by org.testng.reporters.JUnitReportReporter -->
<testsuite hostname="magnur" failures="0" tests="1" name="SerializationAndDeserialization.SerializationEmployeeWithObject" time="0.686" errors="0" timestamp="2022-07-28T16:47:29 IST" skipped="0">
  <testcase classname="SerializationAndDeserialization.SerializationEmployeeWithObject" name="serialiseEmpObjectTest" time="0.686"/>
  <system-out/>
</testsuite> <!-- SerializationAndDeserialization.SerializationEmployeeWithObject -->
