<?xml version="1.0" encoding="UTF-8"?>
<!-- Generated by org.testng.reporters.JUnitReportReporter -->
<testsuite hostname="magnur" failures="0" tests="1" name="AuthenticationOperation.Oauth2Test" time="8.612" errors="0" timestamp="2022-08-10T16:28:02 IST" skipped="0">
  <testcase classname="AuthenticationOperation.Oauth2Test" name="oauth2Test" time="8.612"/>
  <system-out/>
</testsuite> <!-- AuthenticationOperation.Oauth2Test -->
