<?xml version="1.0" encoding="UTF-8"?>
<!-- Generated by org.testng.reporters.JUnitReportReporter -->
<testsuite hostname="magnur" failures="0" tests="1" name="BasicCRUDoperations.LoginRMGYantrawithoutAuthenticationTest" time="5.433" errors="0" timestamp="2022-08-08T10:45:27 IST" skipped="0">
  <testcase classname="BasicCRUDoperations.LoginRMGYantrawithoutAuthenticationTest" name="loginRMGYantrawithoutAuthentication" time="5.433"/>
  <system-out/>
</testsuite> <!-- BasicCRUDoperations.LoginRMGYantrawithoutAuthenticationTest -->
