<?xml version="1.0" encoding="UTF-8"?>
<!-- Generated by org.testng.reporters.JUnitReportReporter -->
<testsuite hostname="magnur" failures="0" tests="1" name="CRUDoperationWithBDD.CreateProjectTest" time="6.635" errors="0" timestamp="2022-08-08T16:50:18 IST" skipped="0">
  <testcase classname="CRUDoperationWithBDD.CreateProjectTest" name="createProjectTest" time="6.635"/>
  <system-out/>
</testsuite> <!-- CRUDoperationWithBDD.CreateProjectTest -->
