<?xml version="1.0" encoding="UTF-8"?>
<!-- Generated by org.testng.reporters.JUnitReportReporter -->
<testsuite hostname="magnur" failures="0" tests="1" name="BasicCRUDoperations.LoginRMGYantrawithAuthenticationTest" time="6.065" errors="0" timestamp="2022-08-08T12:45:14 IST" skipped="0">
  <testcase classname="BasicCRUDoperations.LoginRMGYantrawithAuthenticationTest" name="loginRMGYantrawithAuthenticationTest" time="6.065"/>
  <system-out/>
</testsuite> <!-- BasicCRUDoperations.LoginRMGYantrawithAuthenticationTest -->
