<?xml version="1.0" encoding="UTF-8"?>
<!-- Generated by org.testng.reporters.JUnitReportReporter -->
<testsuite hostname="magnur" failures="0" tests="1" name="CRUDoperationWithBDD.UpdateProjectTest" time="7.946" errors="0" timestamp="2022-08-08T16:51:42 IST" skipped="0">
  <testcase classname="CRUDoperationWithBDD.UpdateProjectTest" name="updateProjectTest" time="7.946"/>
  <system-out/>
</testsuite> <!-- CRUDoperationWithBDD.UpdateProjectTest -->
