<?xml version="1.0" encoding="UTF-8"?>
<!-- Generated by org.testng.reporters.JUnitReportReporter -->
<testsuite hostname="magnur" failures="0" tests="1" name="SerializationAndDeserialization.DeserializationEmployeeDetailsWithArray" time="0.608" errors="0" timestamp="2022-07-28T16:14:23 IST" skipped="0">
  <testcase classname="SerializationAndDeserialization.DeserializationEmployeeDetailsWithArray" name="deserialiseEmpDetalisTest" time="0.608"/>
  <system-out/>
</testsuite> <!-- SerializationAndDeserialization.DeserializationEmployeeDetailsWithArray -->
