<?xml version="1.0" encoding="UTF-8"?>
<!-- Generated by org.testng.reporters.JUnitReportReporter -->
<testsuite hostname="magnur" failures="0" tests="1" name="SerializationAndDeserialization.DeserializationEmployeeDetails" time="0.685" errors="0" timestamp="2022-07-28T15:21:51 IST" skipped="0">
  <testcase classname="SerializationAndDeserialization.DeserializationEmployeeDetails" name="deserialiseEmpDetailsTest" time="0.685"/>
  <system-out/>
</testsuite> <!-- SerializationAndDeserialization.DeserializationEmployeeDetails -->
