<?xml version="1.0" encoding="UTF-8"?>
<!-- Generated by org.testng.reporters.JUnitReportReporter -->
<testsuite hostname="magnur" failures="0" tests="1" name="BasicCRUDoperations.GetAllProjectsTest" time="5.395" errors="0" timestamp="2022-08-08T10:53:24 IST" skipped="0">
  <testcase classname="BasicCRUDoperations.GetAllProjectsTest" name="getAllProjectsTest" time="5.395"/>
  <system-out/>
</testsuite> <!-- BasicCRUDoperations.GetAllProjectsTest -->
