<?xml version="1.0" encoding="UTF-8"?>
<!-- Generated by org.testng.reporters.JUnitReportReporter -->
<testsuite hostname="magnur" failures="0" tests="1" name="DifferentWaysToPOST.CreateObjectWithJSONFile" time="7.173" errors="0" timestamp="2022-08-09T13:00:26 IST" skipped="0">
  <testcase classname="DifferentWaysToPOST.CreateObjectWithJSONFile" name="createProject" time="7.173"/>
  <system-out/>
</testsuite> <!-- DifferentWaysToPOST.CreateObjectWithJSONFile -->
