<?xml version="1.0" encoding="UTF-8"?>
<!-- Generated by org.testng.reporters.JUnitReportReporter -->
<testsuite hostname="magnur" failures="0" tests="1" name="DifferentWaysToPOST.CreateProjectWithFormParameter" time="5.606" errors="0" timestamp="2022-08-09T14:59:44 IST" skipped="0">
  <testcase classname="DifferentWaysToPOST.CreateProjectWithFormParameter" name="createProject" time="5.606"/>
  <system-out/>
</testsuite> <!-- DifferentWaysToPOST.CreateProjectWithFormParameter -->
