<?xml version="1.0" encoding="UTF-8"?>
<!-- Generated by org.testng.reporters.JUnitReportReporter -->
<testsuite hostname="magnur" failures="0" tests="1" name="ResponseValidation.ResponseTimeValidationWithMatchers" time="2.460" errors="0" timestamp="2022-08-10T08:15:09 IST" skipped="0">
  <testcase classname="ResponseValidation.ResponseTimeValidationWithMatchers" name="responseTimevalidation" time="2.460"/>
  <system-out/>
</testsuite> <!-- ResponseValidation.ResponseTimeValidationWithMatchers -->
