<?xml version="1.0" encoding="UTF-8"?>
<!-- Generated by org.testng.reporters.JUnitReportReporter -->
<testsuite hostname="magnur" failures="0" tests="1" name="BasicCRUDoperations.CreatetheprojectwithTextFormateTest" time="3.653" errors="0" timestamp="2022-08-08T12:55:30 IST" skipped="0">
  <testcase classname="BasicCRUDoperations.CreatetheprojectwithTextFormateTest" name="createtheprojectwithTextFormate" time="3.653"/>
  <system-out/>
</testsuite> <!-- BasicCRUDoperations.CreatetheprojectwithTextFormateTest -->
