<?xml version="1.0" encoding="UTF-8"?>
<!-- Generated by org.testng.reporters.JUnitReportReporter -->
<testsuite hostname="magnur" failures="0" tests="1" name="BasicCRUDoperations.CreatetheprojectwithXMLFormateTest" time="2.771" errors="0" timestamp="2022-08-08T12:59:01 IST" skipped="0">
  <testcase classname="BasicCRUDoperations.CreatetheprojectwithXMLFormateTest" name="createTheProjectwithXMLFormate" time="2.771"/>
  <system-out/>
</testsuite> <!-- BasicCRUDoperations.CreatetheprojectwithXMLFormateTest -->
