<?xml version="1.0" encoding="UTF-8"?>
<!-- Generated by org.testng.reporters.JUnitReportReporter -->
<testsuite hostname="magnur" failures="0" tests="1" name="ResponseValidation.DynamicResponseValidation" time="3.222" errors="0" timestamp="2022-08-10T07:57:28 IST" skipped="0">
  <testcase classname="ResponseValidation.DynamicResponseValidation" name="dynamicResponseValidation" time="3.222"/>
  <system-out/>
</testsuite> <!-- ResponseValidation.DynamicResponseValidation -->
