<?xml version="1.0" encoding="UTF-8"?>
<!-- Generated by org.testng.reporters.JUnitReportReporter -->
<testsuite hostname="magnur" failures="0" tests="1" name="CRUDoperationWithBDD.DeleteProjectTest" time="6.196" errors="0" timestamp="2022-08-08T16:58:38 IST" skipped="0">
  <testcase classname="CRUDoperationWithBDD.DeleteProjectTest" name="deleteProjectTest" time="6.196"/>
  <system-out/>
</testsuite> <!-- CRUDoperationWithBDD.DeleteProjectTest -->
