<?xml version="1.0" encoding="UTF-8"?>
<!-- Generated by org.testng.reporters.JUnitReportReporter -->
<testsuite hostname="magnur" failures="0" tests="1" name="AuthenticationOperation.BearerTokenTest" time="5.895" errors="0" timestamp="2022-08-10T15:30:54 IST" skipped="0">
  <testcase classname="AuthenticationOperation.BearerTokenTest" name="bearerTokenTest" time="5.895"/>
  <system-out/>
</testsuite> <!-- AuthenticationOperation.BearerTokenTest -->
