<?xml version="1.0" encoding="UTF-8"?>
<!-- Generated by org.testng.reporters.JUnitReportReporter -->
<testsuite hostname="magnur" failures="0" tests="1" name="ResponseValidation.ResponseTimeValidation" time="2.252" errors="0" timestamp="2022-08-10T08:06:10 IST" skipped="0">
  <testcase classname="ResponseValidation.ResponseTimeValidation" name="responseTimeValidation" time="2.252"/>
  <system-out/>
</testsuite> <!-- ResponseValidation.ResponseTimeValidation -->
