<?xml version="1.0" encoding="UTF-8"?>
<!-- Generated by org.testng.reporters.JUnitReportReporter -->
<testsuite hostname="magnur" failures="0" tests="1" name="SerializationAndDeserialization.DeserilizationEmployeeWithObject" time="0.669" errors="0" timestamp="2022-07-29T08:15:41 IST" skipped="0">
  <testcase classname="SerializationAndDeserialization.DeserilizationEmployeeWithObject" name="deseriliseEmpDetailsTest" time="0.669"/>
  <system-out/>
</testsuite> <!-- SerializationAndDeserialization.DeserilizationEmployeeWithObject -->
