<?xml version="1.0" encoding="UTF-8"?>
<!-- Generated by org.testng.reporters.JUnitReportReporter -->
<testsuite hostname="magnur" failures="0" tests="1" name="BasicCRUDoperations.CreateProjectTest" time="2.979" errors="0" timestamp="2022-08-08T13:09:40 IST" skipped="0">
  <testcase classname="BasicCRUDoperations.CreateProjectTest" name="createProjectTest" time="2.979"/>
  <system-out/>
</testsuite> <!-- BasicCRUDoperations.CreateProjectTest -->
