<?xml version="1.0" encoding="UTF-8"?>
<!-- Generated by org.testng.reporters.JUnitReportReporter -->
<testsuite hostname="magnur" failures="0" tests="1" name="SerializationAndDeserialization.SerializationEmployeeDetails" time="0.674" errors="0" timestamp="2022-07-28T13:26:04 IST" skipped="0">
  <testcase classname="SerializationAndDeserialization.SerializationEmployeeDetails" name="serializeEmpDetailsTest" time="0.674"/>
  <system-out/>
</testsuite> <!-- SerializationAndDeserialization.SerializationEmployeeDetails -->
