<?xml version="1.0" encoding="UTF-8"?>
<!-- Generated by org.testng.reporters.JUnitReportReporter -->
<testsuite hostname="magnur" failures="0" tests="3" name="DataDrivenTesting.CreateMultipleProjects" time="9.621" errors="0" timestamp="2022-08-11T11:34:34 IST" skipped="0">
  <testcase classname="DataDrivenTesting.CreateMultipleProjects" name="createProject" time="2.180"/>
  <system-out/>
  <testcase classname="DataDrivenTesting.CreateMultipleProjects" name="createProject" time="7.059"/>
  <system-out/>
  <testcase classname="DataDrivenTesting.CreateMultipleProjects" name="createProject" time="0.382"/>
  <system-out/>
</testsuite> <!-- DataDrivenTesting.CreateMultipleProjects -->
