<?xml version="1.0" encoding="UTF-8"?>
<!-- Generated by org.testng.reporters.JUnitReportReporter -->
<testsuite hostname="magnur" failures="0" tests="1" name="RequestChaining.CreateUpdateGetDeleteProject" time="19.799" errors="0" timestamp="2022-08-10T13:40:51 IST" skipped="0">
  <testcase classname="RequestChaining.CreateUpdateGetDeleteProject" name="createUpdateGetDeleteProject" time="19.799"/>
  <system-out/>
</testsuite> <!-- RequestChaining.CreateUpdateGetDeleteProject -->
