<?xml version="1.0" encoding="UTF-8"?>
<!-- Generated by org.testng.reporters.JUnitReportReporter -->
<testsuite hostname="magnur" failures="0" tests="1" name="EndToEndScenarious.CreateProjectAndVerifyInDataBase" time="5.926" errors="0" timestamp="2022-08-11T11:15:35 IST" skipped="0">
  <testcase classname="EndToEndScenarious.CreateProjectAndVerifyInDataBase" name="createProjectAndVerifyInDataBase" time="5.926"/>
  <system-out>
    <![CDATA[TY_PROJ_1806]]>
  </system-out>
</testsuite> <!-- EndToEndScenarious.CreateProjectAndVerifyInDataBase -->
