<?xml version="1.0" encoding="UTF-8"?>
<!-- Generated by org.testng.reporters.JUnitReportReporter -->
<testsuite hostname="magnur" failures="0" tests="1" name="DifferentWaysToPOST.CreateProjectWithHashMap" time="6.159" errors="0" timestamp="2022-08-09T12:43:11 IST" skipped="0">
  <testcase classname="DifferentWaysToPOST.CreateProjectWithHashMap" name="createProjectTest" time="6.159"/>
  <system-out/>
</testsuite> <!-- DifferentWaysToPOST.CreateProjectWithHashMap -->
