<?xml version="1.0" encoding="UTF-8"?>
<!-- Generated by org.testng.reporters.JUnitReportReporter -->
<testsuite hostname="magnur" failures="0" tests="1" name="ResponseValidation.StaticResponseValidation" time="6.770" errors="0" timestamp="2022-08-10T07:41:19 IST" skipped="0">
  <testcase classname="ResponseValidation.StaticResponseValidation" name="staticResponseValidation" time="6.770"/>
  <system-out/>
</testsuite> <!-- ResponseValidation.StaticResponseValidation -->
