<?xml version="1.0" encoding="UTF-8"?>
<!-- Generated by org.testng.reporters.JUnitReportReporter -->
<testsuite hostname="magnur" failures="0" tests="1" name="BasicCRUDoperations.CreatetheProjectWithExistingProjectIdTest" time="7.078" errors="0" timestamp="2022-08-08T12:39:51 IST" skipped="0">
  <testcase classname="BasicCRUDoperations.CreatetheProjectWithExistingProjectIdTest" name="createtheProjectWithExistingProjectId" time="7.078"/>
  <system-out/>
</testsuite> <!-- BasicCRUDoperations.CreatetheProjectWithExistingProjectIdTest -->
