<?xml version="1.0" encoding="UTF-8"?>
<!-- Generated by org.testng.reporters.JUnitReportReporter -->
<testsuite hostname="magnur" failures="0" tests="1" name="ParameterTesting.PathParameter" time="5.390" errors="0" timestamp="2022-08-10T12:05:38 IST" skipped="0">
  <testcase classname="ParameterTesting.PathParameter" name="pathParmeterTest" time="5.390"/>
  <system-out/>
</testsuite> <!-- ParameterTesting.PathParameter -->
