<?xml version="1.0" encoding="UTF-8"?>
<!-- Generated by org.testng.reporters.JUnitReportReporter -->
<testsuite hostname="magnur" failures="0" tests="1" name="BasicCRUDoperations.CreatetheProjectTest" time="5.678" errors="0" timestamp="2022-08-08T12:00:15 IST" skipped="0">
  <testcase classname="BasicCRUDoperations.CreatetheProjectTest" name="createtheProject" time="5.678"/>
  <system-out/>
</testsuite> <!-- BasicCRUDoperations.CreatetheProjectTest -->
